app/build/intermediates/manifest_merge_blame_file/debug/manifest-merger-blame-debug-report.txt
1<?xml version="1.0" encoding="utf-8"?>
2<manifest xmlns:android="http://schemas.android.com/apk/res/android"
3    package="com.example.librarymanagement"
4    android:versionCode="1"
5    android:versionName="1.0" >
6
7    <uses-sdk
8        android:minSdkVersion="21"
8-->src\main\AndroidManifest.xml
9        android:targetSdkVersion="29" />
9-->src\main\AndroidManifest.xml
10
11    <uses-permission android:name="android.permission.INTERNET" />
11-->src\main\AndroidManifest.xml:5:5-67
11-->src\main\AndroidManifest.xml:5:22-64
12
13    <application
13-->src\main\AndroidManifest.xml:7:5-33:19
14        android:allowBackup="true"
14-->src\main\AndroidManifest.xml:8:9-35
15        android:appComponentFactory="androidx.core.app.CoreComponentFactory"
15-->[androidx.core:core:1.3.0] AndroidManifest.xml:24:18-86
16        android:debuggable="true"
17        android:icon="@mipmap/ic_launcher"
17-->src\main\AndroidManifest.xml:9:9-43
18        android:label="@string/app_name"
18-->src\main\AndroidManifest.xml:10:9-41
19        android:roundIcon="@mipmap/ic_launcher_round"
19-->src\main\AndroidManifest.xml:11:9-54
20        android:supportsRtl="true"
20-->src\main\AndroidManifest.xml:12:9-35
21        android:testOnly="true"
22        android:theme="@style/AppTheme"
22-->src\main\AndroidManifest.xml:13:9-40
23        android:usesCleartextTraffic="true" >
23-->src\main\AndroidManifest.xml:14:9-44
24        <activity
24-->src\main\AndroidManifest.xml:15:9-18:68
25            android:name="com.example.librarymanagement.AddNews"
25-->src\main\AndroidManifest.xml:16:13-36
26            android:label="@string/title_activity_add_news"
26-->src\main\AndroidManifest.xml:17:13-60
27            android:theme="@style/AppTheme.NoActionBar" />
27-->src\main\AndroidManifest.xml:18:13-56
28        <activity android:name="com.example.librarymanagement.AdminHome" />
28-->src\main\AndroidManifest.xml:19:9-47
28-->src\main\AndroidManifest.xml:19:19-44
29        <activity android:name="com.example.librarymanagement.LibLogin" />
29-->src\main\AndroidManifest.xml:20:9-46
29-->src\main\AndroidManifest.xml:20:19-43
30        <activity android:name="com.example.librarymanagement.NewsPage" />
30-->src\main\AndroidManifest.xml:21:9-46
30-->src\main\AndroidManifest.xml:21:19-43
31        <activity android:name="com.example.librarymanagement.Books" />
31-->src\main\AndroidManifest.xml:22:9-43
31-->src\main\AndroidManifest.xml:22:19-40
32        <activity android:name="com.example.librarymanagement.Main_Page" />
32-->src\main\AndroidManifest.xml:23:9-47
32-->src\main\AndroidManifest.xml:23:19-44
33        <activity android:name="com.example.librarymanagement.FisrtRetrofit" />
33-->src\main\AndroidManifest.xml:24:9-51
33-->src\main\AndroidManifest.xml:24:19-48
34        <activity android:name="com.example.librarymanagement.Signup" />
34-->src\main\AndroidManifest.xml:25:9-44
34-->src\main\AndroidManifest.xml:25:19-41
35        <activity android:name="com.example.librarymanagement.MainActivity" >
35-->src\main\AndroidManifest.xml:26:9-32:20
35-->src\main\AndroidManifest.xml:26:19-47
36            <intent-filter>
36-->src\main\AndroidManifest.xml:27:13-31:29
37                <action android:name="android.intent.action.MAIN" />
37-->src\main\AndroidManifest.xml:28:17-69
37-->src\main\AndroidManifest.xml:28:25-66
38
39                <category android:name="android.intent.category.LAUNCHER" />
39-->src\main\AndroidManifest.xml:30:17-77
39-->src\main\AndroidManifest.xml:30:27-74
40            </intent-filter>
41        </activity>
42    </application>
43
44</manifest>